-------------------------------------------------------------------------------
Test set: com.ivantchernev.algorithms.BoardTest
-------------------------------------------------------------------------------
Tests run: 3, Failures: 1, Errors: 0, Skipped: 0, Time elapsed: 0.024 s <<< FAILURE! - in com.ivantchernev.algorithms.BoardTest
manhattanShouldReturnDistancesBetweenBlocksAndGoal  Time elapsed: 0.013 s  <<< FAILURE!
org.opentest4j.MultipleFailuresError: 
Manhattan (5 failures)
	expected: <2> but was: <3>
	expected: <1> but was: <3>
	expected: <4> but was: <6>
	expected: <11> but was: <12>
	expected: <11> but was: <14>
	at com.ivantchernev.algorithms.BoardTest.manhattanShouldReturnDistancesBetweenBlocksAndGoal(BoardTest.java:32)

