<?xml version="1.0" encoding="UTF-8"?>
<testsuite xmlns:xsi="http://www.w3.org/2001/XMLSchema-instance" xsi:noNamespaceSchemaLocation="https://maven.apache.org/surefire/maven-surefire-plugin/xsd/surefire-test-report.xsd" name="com.ivantchernev.algorithms.BoardTest" time="0.024" tests="3" errors="0" skipped="0" failures="1">
  <properties>
[...]
</properties>
  <testcase name="hammingShouldReturnBlocksOutOfPlace" classname="com.ivantchernev.algorithms.BoardTest" time="0.006"/>
  <testcase name="manhattanShouldReturnDistancesBetweenBlocksAndGoal" classname="com.ivantchernev.algorithms.BoardTest" time="0.013">
    <failure message="Manhattan (5 failures)&#10;	expected: &lt;2&gt; but was: &lt;3&gt;&#10;	expected: &lt;1&gt; but was: &lt;3&gt;&#10;	expected: &lt;4&gt; but was: &lt;6&gt;&#10;	expected: &lt;11&gt; but was: &lt;12&gt;&#10;	expected: &lt;11&gt; but was: &lt;14&gt;" type="org.opentest4j.MultipleFailuresError"><![CDATA[org.opentest4j.MultipleFailuresError: 
Manhattan (5 failures)
	expected: <2> but was: <3>
	expected: <1> but was: <3>
	expected: <4> but was: <6>
	expected: <11> but was: <12>
	expected: <11> but was: <14>
	at com.ivantchernev.algorithms.BoardTest.manhattanShouldReturnDistancesBetweenBlocksAndGoal(BoardTest.java:32)
]]></failure>
  </testcase>
  <testcase name="dimensionShouldReturnLengthOfBoard" classname="com.ivantchernev.algorithms.BoardTest" time="0"/>
</testsuite>